  Determining projects to restore...
  All projects are up-to-date for restore.
C:\Users\philh\OneDrive\Dokumente\CozyCove\QotD-Bot\src\QotD.Bot\Features\General\Services\HelpMenuEventHandler.cs(77,92): warning CS8625: Cannot convert null literal to non-nullable reference type. [C:\Users\philh\OneDrive\Dokumente\CozyCove\QotD-Bot\src\QotD.Bot\QotD.Bot.csproj]
C:\Users\philh\OneDrive\Dokumente\CozyCove\QotD-Bot\src\QotD.Bot\Features\Teams\Services\TeamSetupEventHandler.cs(30,46): warning CS8604: Possible null reference argument for parameter 'obj' in 'bool DiscordMember.operator ==(DiscordMember obj, DiscordMember other)'. [C:\Users\philh\OneDrive\Dokumente\CozyCove\QotD-Bot\src\QotD.Bot\QotD.Bot.csproj]
C:\Users\philh\OneDrive\Dokumente\CozyCove\QotD-Bot\src\QotD.Bot\Features\Teams\Services\TeamSetupEventHandler.cs(30,56): warning CS8625: Cannot convert null literal to non-nullable reference type. [C:\Users\philh\OneDrive\Dokumente\CozyCove\QotD-Bot\src\QotD.Bot\QotD.Bot.csproj]
C:\Users\philh\OneDrive\Dokumente\CozyCove\QotD-Bot\src\QotD.Bot\Features\Teams\Services\TeamSetupEventHandler.cs(100,46): warning CS8604: Possible null reference argument for parameter 'obj' in 'bool DiscordMember.operator ==(DiscordMember obj, DiscordMember other)'. [C:\Users\philh\OneDrive\Dokumente\CozyCove\QotD-Bot\src\QotD.Bot\QotD.Bot.csproj]
C:\Users\philh\OneDrive\Dokumente\CozyCove\QotD-Bot\src\QotD.Bot\Features\Teams\Services\TeamSetupEventHandler.cs(100,56): warning CS8625: Cannot convert null literal to non-nullable reference type. [C:\Users\philh\OneDrive\Dokumente\CozyCove\QotD-Bot\src\QotD.Bot\QotD.Bot.csproj]
C:\Users\philh\OneDrive\Dokumente\CozyCove\QotD-Bot\src\QotD.Bot\Features\Teams\Services\TeamSetupEventHandler.cs(100,89): warning CS8625: Cannot convert null literal to non-nullable reference type. [C:\Users\philh\OneDrive\Dokumente\CozyCove\QotD-Bot\src\QotD.Bot\QotD.Bot.csproj]
C:\Users\philh\OneDrive\Dokumente\CozyCove\QotD-Bot\src\QotD.Bot\Features\Logging\Services\LogSetupEventHandler.cs(29,46): warning CS8604: Possible null reference argument for parameter 'obj' in 'bool DiscordMember.operator ==(DiscordMember obj, DiscordMember other)'. [C:\Users\philh\OneDrive\Dokumente\CozyCove\QotD-Bot\src\QotD.Bot\QotD.Bot.csproj]
C:\Users\philh\OneDrive\Dokumente\CozyCove\QotD-Bot\src\QotD.Bot\Features\Logging\Services\LogSetupEventHandler.cs(29,56): warning CS8625: Cannot convert null literal to non-nullable reference type. [C:\Users\philh\OneDrive\Dokumente\CozyCove\QotD-Bot\src\QotD.Bot\QotD.Bot.csproj]
C:\Users\philh\OneDrive\Dokumente\CozyCove\QotD-Bot\src\QotD.Bot\Features\Teams\Services\TeamListService.cs(52,29): warning CS8604: Possible null reference argument for parameter 'e1' in 'bool DiscordRole.operator !=(DiscordRole e1, DiscordRole e2)'. [C:\Users\philh\OneDrive\Dokumente\CozyCove\QotD-Bot\src\QotD.Bot\QotD.Bot.csproj]
C:\Users\philh\OneDrive\Dokumente\CozyCove\QotD-Bot\src\QotD.Bot\Features\Teams\Services\TeamListService.cs(52,34): warning CS8625: Cannot convert null literal to non-nullable reference type. [C:\Users\philh\OneDrive\Dokumente\CozyCove\QotD-Bot\src\QotD.Bot\QotD.Bot.csproj]
C:\Users\philh\OneDrive\Dokumente\CozyCove\QotD-Bot\src\QotD.Bot\Features\Teams\Services\TeamListService.cs(53,41): warning CS8602: Dereference of a possibly null reference. [C:\Users\philh\OneDrive\Dokumente\CozyCove\QotD-Bot\src\QotD.Bot\QotD.Bot.csproj]
C:\Users\philh\OneDrive\Dokumente\CozyCove\QotD-Bot\src\QotD.Bot\Features\Teams\Services\TeamListService.cs(58,86): warning CS8602: Dereference of a possibly null reference. [C:\Users\philh\OneDrive\Dokumente\CozyCove\QotD-Bot\src\QotD.Bot\QotD.Bot.csproj]
C:\Users\philh\OneDrive\Dokumente\CozyCove\QotD-Bot\src\QotD.Bot\Features\Teams\Services\TeamListService.cs(66,52): warning CS8602: Dereference of a possibly null reference. [C:\Users\philh\OneDrive\Dokumente\CozyCove\QotD-Bot\src\QotD.Bot\QotD.Bot.csproj]
C:\Users\philh\OneDrive\Dokumente\CozyCove\QotD-Bot\src\QotD.Bot\Features\Teams\Services\TeamListService.cs(74,44): warning CS8602: Dereference of a possibly null reference. [C:\Users\philh\OneDrive\Dokumente\CozyCove\QotD-Bot\src\QotD.Bot\QotD.Bot.csproj]
C:\Users\philh\OneDrive\Dokumente\CozyCove\QotD-Bot\src\QotD.Bot\Features\Teams\Services\TeamListService.cs(92,17): warning CS8604: Possible null reference argument for parameter 'e1' in 'bool DiscordMessage.operator !=(DiscordMessage e1, DiscordMessage e2)'. [C:\Users\philh\OneDrive\Dokumente\CozyCove\QotD-Bot\src\QotD.Bot\QotD.Bot.csproj]
C:\Users\philh\OneDrive\Dokumente\CozyCove\QotD-Bot\src\QotD.Bot\Features\Teams\Services\TeamListService.cs(92,34): warning CS8625: Cannot convert null literal to non-nullable reference type. [C:\Users\philh\OneDrive\Dokumente\CozyCove\QotD-Bot\src\QotD.Bot\QotD.Bot.csproj]
C:\Users\philh\OneDrive\Dokumente\CozyCove\QotD-Bot\src\QotD.Bot\Features\Logging\Services\DiscordLoggingEventHandler.cs(59,24): warning CS8625: Cannot convert null literal to non-nullable reference type. [C:\Users\philh\OneDrive\Dokumente\CozyCove\QotD-Bot\src\QotD.Bot\QotD.Bot.csproj]
C:\Users\philh\OneDrive\Dokumente\CozyCove\QotD-Bot\src\QotD.Bot\Features\Logging\Services\DiscordLoggingEventHandler.cs(73,24): warning CS8625: Cannot convert null literal to non-nullable reference type. [C:\Users\philh\OneDrive\Dokumente\CozyCove\QotD-Bot\src\QotD.Bot\QotD.Bot.csproj]
  QotD.Bot -> C:\Users\philh\OneDrive\Dokumente\CozyCove\QotD-Bot\src\QotD.Bot\bin\Debug\net9.0\QotD.Bot.dll

Build succeeded.

C:\Users\philh\OneDrive\Dokumente\CozyCove\QotD-Bot\src\QotD.Bot\Features\General\Services\HelpMenuEventHandler.cs(77,92): warning CS8625: Cannot convert null literal to non-nullable reference type. [C:\Users\philh\OneDrive\Dokumente\CozyCove\QotD-Bot\src\QotD.Bot\QotD.Bot.csproj]
C:\Users\philh\OneDrive\Dokumente\CozyCove\QotD-Bot\src\QotD.Bot\Features\Teams\Services\TeamSetupEventHandler.cs(30,46): warning CS8604: Possible null reference argument for parameter 'obj' in 'bool DiscordMember.operator ==(DiscordMember obj, DiscordMember other)'. [C:\Users\philh\OneDrive\Dokumente\CozyCove\QotD-Bot\src\QotD.Bot\QotD.Bot.csproj]
C:\Users\philh\OneDrive\Dokumente\CozyCove\QotD-Bot\src\QotD.Bot\Features\Teams\Services\TeamSetupEventHandler.cs(30,56): warning CS8625: Cannot convert null literal to non-nullable reference type. [C:\Users\philh\OneDrive\Dokumente\CozyCove\QotD-Bot\src\QotD.Bot\QotD.Bot.csproj]
C:\Users\philh\OneDrive\Dokumente\CozyCove\QotD-Bot\src\QotD.Bot\Features\Teams\Services\TeamSetupEventHandler.cs(100,46): warning CS8604: Possible null reference argument for parameter 'obj' in 'bool DiscordMember.operator ==(DiscordMember obj, DiscordMember other)'. [C:\Users\philh\OneDrive\Dokumente\CozyCove\QotD-Bot\src\QotD.Bot\QotD.Bot.csproj]
C:\Users\philh\OneDrive\Dokumente\CozyCove\QotD-Bot\src\QotD.Bot\Features\Teams\Services\TeamSetupEventHandler.cs(100,56): warning CS8625: Cannot convert null literal to non-nullable reference type. [C:\Users\philh\OneDrive\Dokumente\CozyCove\QotD-Bot\src\QotD.Bot\QotD.Bot.csproj]
C:\Users\philh\OneDrive\Dokumente\CozyCove\QotD-Bot\src\QotD.Bot\Features\Teams\Services\TeamSetupEventHandler.cs(100,89): warning CS8625: Cannot convert null literal to non-nullable reference type. [C:\Users\philh\OneDrive\Dokumente\CozyCove\QotD-Bot\src\QotD.Bot\QotD.Bot.csproj]
C:\Users\philh\OneDrive\Dokumente\CozyCove\QotD-Bot\src\QotD.Bot\Features\Logging\Services\LogSetupEventHandler.cs(29,46): warning CS8604: Possible null reference argument for parameter 'obj' in 'bool DiscordMember.operator ==(DiscordMember obj, DiscordMember other)'. [C:\Users\philh\OneDrive\Dokumente\CozyCove\QotD-Bot\src\QotD.Bot\QotD.Bot.csproj]
C:\Users\philh\OneDrive\Dokumente\CozyCove\QotD-Bot\src\QotD.Bot\Features\Logging\Services\LogSetupEventHandler.cs(29,56): warning CS8625: Cannot convert null literal to non-nullable reference type. [C:\Users\philh\OneDrive\Dokumente\CozyCove\QotD-Bot\src\QotD.Bot\QotD.Bot.csproj]
C:\Users\philh\OneDrive\Dokumente\CozyCove\QotD-Bot\src\QotD.Bot\Features\Teams\Services\TeamListService.cs(52,29): warning CS8604: Possible null reference argument for parameter 'e1' in 'bool DiscordRole.operator !=(DiscordRole e1, DiscordRole e2)'. [C:\Users\philh\OneDrive\Dokumente\CozyCove\QotD-Bot\src\QotD.Bot\QotD.Bot.csproj]
C:\Users\philh\OneDrive\Dokumente\CozyCove\QotD-Bot\src\QotD.Bot\Features\Teams\Services\TeamListService.cs(52,34): warning CS8625: Cannot convert null literal to non-nullable reference type. [C:\Users\philh\OneDrive\Dokumente\CozyCove\QotD-Bot\src\QotD.Bot\QotD.Bot.csproj]
C:\Users\philh\OneDrive\Dokumente\CozyCove\QotD-Bot\src\QotD.Bot\Features\Teams\Services\TeamListService.cs(53,41): warning CS8602: Dereference of a possibly null reference. [C:\Users\philh\OneDrive\Dokumente\CozyCove\QotD-Bot\src\QotD.Bot\QotD.Bot.csproj]
C:\Users\philh\OneDrive\Dokumente\CozyCove\QotD-Bot\src\QotD.Bot\Features\Teams\Services\TeamListService.cs(58,86): warning CS8602: Dereference of a possibly null reference. [C:\Users\philh\OneDrive\Dokumente\CozyCove\QotD-Bot\src\QotD.Bot\QotD.Bot.csproj]
C:\Users\philh\OneDrive\Dokumente\CozyCove\QotD-Bot\src\QotD.Bot\Features\Teams\Services\TeamListService.cs(66,52): warning CS8602: Dereference of a possibly null reference. [C:\Users\philh\OneDrive\Dokumente\CozyCove\QotD-Bot\src\QotD.Bot\QotD.Bot.csproj]
C:\Users\philh\OneDrive\Dokumente\CozyCove\QotD-Bot\src\QotD.Bot\Features\Teams\Services\TeamListService.cs(74,44): warning CS8602: Dereference of a possibly null reference. [C:\Users\philh\OneDrive\Dokumente\CozyCove\QotD-Bot\src\QotD.Bot\QotD.Bot.csproj]
C:\Users\philh\OneDrive\Dokumente\CozyCove\QotD-Bot\src\QotD.Bot\Features\Teams\Services\TeamListService.cs(92,17): warning CS8604: Possible null reference argument for parameter 'e1' in 'bool DiscordMessage.operator !=(DiscordMessage e1, DiscordMessage e2)'. [C:\Users\philh\OneDrive\Dokumente\CozyCove\QotD-Bot\src\QotD.Bot\QotD.Bot.csproj]
C:\Users\philh\OneDrive\Dokumente\CozyCove\QotD-Bot\src\QotD.Bot\Features\Teams\Services\TeamListService.cs(92,34): warning CS8625: Cannot convert null literal to non-nullable reference type. [C:\Users\philh\OneDrive\Dokumente\CozyCove\QotD-Bot\src\QotD.Bot\QotD.Bot.csproj]
C:\Users\philh\OneDrive\Dokumente\CozyCove\QotD-Bot\src\QotD.Bot\Features\Logging\Services\DiscordLoggingEventHandler.cs(59,24): warning CS8625: Cannot convert null literal to non-nullable reference type. [C:\Users\philh\OneDrive\Dokumente\CozyCove\QotD-Bot\src\QotD.Bot\QotD.Bot.csproj]
C:\Users\philh\OneDrive\Dokumente\CozyCove\QotD-Bot\src\QotD.Bot\Features\Logging\Services\DiscordLoggingEventHandler.cs(73,24): warning CS8625: Cannot convert null literal to non-nullable reference type. [C:\Users\philh\OneDrive\Dokumente\CozyCove\QotD-Bot\src\QotD.Bot\QotD.Bot.csproj]
    18 Warning(s)
    0 Error(s)

Time Elapsed 00:00:01.74
